<?xml version="1.0" encoding="UTF-8"?>
<testsuite xmlns:xsi="http://www.w3.org/2001/XMLSchema-instance" xsi:noNamespaceSchemaLocation="https://maven.apache.org/surefire/maven-surefire-plugin/xsd/surefire-test-report.xsd" name="com.javastudy.V20251201_JWT.question1.JwtUtilTest" time="0.265" tests="4" errors="0" skipped="0" failures="0">
  <properties>
[...]
</properties>
  <testcase name="testGenerateToken" classname="com.javastudy.V20251201_JWT.question1.JwtUtilTest" time="0.22"/>
  <testcase name="testTokenStructure" classname="com.javastudy.V20251201_JWT.question1.JwtUtilTest" time="0.029"/>
  <testcase name="testGetUsernameFromInvalidToken" classname="com.javastudy.V20251201_JWT.question1.JwtUtilTest" time="0.008"/>
  <testcase name="testGetUsernameFromValidToken" classname="com.javastudy.V20251201_JWT.question1.JwtUtilTest" time="0.004"/>
</testsuite>